  ** Searching flight controllers **
  ** No FC found, find all ports **

Detected the following serial ports on this system:
  /dev/ttyACM0

======== PASSTHROUGH INIT ========
  Trying to initialize /dev/ttyACM0 @ 420000

Enabling serial passthrough...
  CMD: 'serialpassthrough 0 420000'

======== PASSTHROUGH DONE ========

esptool.py v4.2.1
Serial port /dev/ttyACM0
WARNING: Pre-connection option "no_reset" was selected. Connection may fail if the chip is not in bootloader or flasher stub mode.
Connecting...
.

Chip is ESP32-C3 (revision 4)
Features: Wi-Fi
Crystal is 40MHz
Uploading stub...
Running stub...
Stub running...
Changing baud rate to 460800
Changed.
Configuring flash size...
Auto-detected Flash size: 4MB
Flash will be erased from 0x00000000 to 0x00003fff...
Compressed 13248 bytes to 9562...
Writing at 0x00000000... (100 %)

Wrote 13248 bytes (9562 compressed) at 0x00000000 in 0.3 seconds (effective 366.6 kbit/s)...
Hash of data verified.
Compressed 1337568 bytes to 842044...
Writing at 0x00010000... (1 %)

Writing at 0x000152ab... (3 %)

Writing at 0x00021289... (9 %)

Writing at 0x000947b3... (40 %)

Writing at 0x000d908a... (61 %)

Writing at 0x00132ac2... (90 %)

Writing at 0x0015373e... (100 %)

Wrote 1337568 bytes (842044 compressed) at 0x00010000 in 17.4 seconds (effective 614.0 kbit/s)...
Hash of data verified.

Leaving...
Hard resetting via RTS pin...
